-------------------------------------------------------------------------------
Test set: com.robert.app.testspart.UserApplicationTests
-------------------------------------------------------------------------------
Tests run: 1, Failures: 0, Errors: 1, Skipped: 0, Time elapsed: 0.171 s <<< FAILURE! - in com.robert.app.testspart.UserApplicationTests
com.robert.app.testspart.UserApplicationTests  Time elapsed: 0.17 s  <<< ERROR!
java.lang.IllegalStateException: Unable to find a @SpringBootConfiguration, you need to use @ContextConfiguration or @SpringBootTest(classes=...) with your test

